Connecting to database specified by database.yml


Started GET "/assets/rails.png" for 127.0.0.1 at 2013-05-30 20:22:27 +0530
Served asset /rails.png - 200 OK (61ms)


Started GET "/rails/info/properties" for 127.0.0.1 at 2013-05-30 20:22:31 +0530
Processing by Rails::InfoController#properties as */*
  Rendered inline template (4.0ms)
Completed 200 OK in 24ms (Views: 23.0ms | ActiveRecord: 0.0ms)


Started GET "/assets/rails.png" for 127.0.0.1 at 2013-06-03 17:40:15 +0530
Served asset /rails.png - 304 Not Modified (0ms)
Connecting to database specified by database.yml
Connecting to database specified by database.yml
  [1m[36m (0.0ms)[0m  [1mselect sqlite_version(*)[0m
  [1m[35m (16.0ms)[0m  CREATE TABLE "schema_migrations" ("version" varchar(255) NOT NULL) 
  [1m[36m (10.0ms)[0m  [1mCREATE UNIQUE INDEX "unique_schema_migrations" ON "schema_migrations" ("version")[0m
  [1m[35m (0.0ms)[0m  SELECT "schema_migrations"."version" FROM "schema_migrations" 
Migrating to CreateUsers (20130603164722)
  [1m[36m (0.0ms)[0m  [1mbegin transaction[0m
  [1m[35m (2.0ms)[0m  CREATE TABLE "users" ("id" INTEGER PRIMARY KEY AUTOINCREMENT NOT NULL, "name" varchar(255), "email" varchar(255), "created_at" datetime NOT NULL, "updated_at" datetime NOT NULL) 
  [1m[36m (0.0ms)[0m  [1mINSERT INTO "schema_migrations" ("version") VALUES ('20130603164722')[0m
  [1m[35m (20.0ms)[0m  commit transaction
  [1m[36m (1.0ms)[0m  [1mSELECT "schema_migrations"."version" FROM "schema_migrations" [0m
Connecting to database specified by database.yml


Started GET "/assets/rails.png" for 127.0.0.1 at 2013-06-03 22:18:16 +0530
Served asset /rails.png - 200 OK (4ms)


Started GET "/users" for 127.0.0.1 at 2013-06-03 22:18:56 +0530
Processing by UsersController#index as HTML
  [1m[36mUser Load (0.0ms)[0m  [1mSELECT "users".* FROM "users" [0m
  Rendered users/index.html.erb within layouts/application (37.0ms)
Compiled scaffolds.css  (42ms)  (pid 1288)
Compiled users.css  (2ms)  (pid 1288)
Compiled application.css  (113ms)  (pid 1288)
Compiled jquery.js  (3ms)  (pid 1288)
Compiled jquery_ujs.js  (2ms)  (pid 1288)
Compiled users.js  (658ms)  (pid 1288)
Compiled application.js  (879ms)  (pid 1288)
Completed 200 OK in 1554ms (Views: 1360.1ms | ActiveRecord: 6.0ms)


Started GET "/assets/users.css?body=1" for 127.0.0.1 at 2013-06-03 22:18:58 +0530
Served asset /users.css - 200 OK (3ms)


Started GET "/assets/scaffolds.css?body=1" for 127.0.0.1 at 2013-06-03 22:18:58 +0530
Served asset /scaffolds.css - 200 OK (4ms)


Started GET "/assets/jquery.js?body=1" for 127.0.0.1 at 2013-06-03 22:18:58 +0530
Served asset /jquery.js - 200 OK (10ms)


Started GET "/assets/application.css?body=1" for 127.0.0.1 at 2013-06-03 22:18:58 +0530
Served asset /application.css - 200 OK (6ms)


Started GET "/assets/jquery_ujs.js?body=1" for 127.0.0.1 at 2013-06-03 22:18:58 +0530
Served asset /jquery_ujs.js - 200 OK (26ms)


Started GET "/assets/users.js?body=1" for 127.0.0.1 at 2013-06-03 22:18:58 +0530
Served asset /users.js - 200 OK (3ms)


Started GET "/assets/application.js?body=1" for 127.0.0.1 at 2013-06-03 22:18:58 +0530
Served asset /application.js - 200 OK (8ms)


Started GET "/users/new" for 127.0.0.1 at 2013-06-03 22:19:00 +0530
Processing by UsersController#new as HTML
  Rendered users/_form.html.erb (89.0ms)
  Rendered users/new.html.erb within layouts/application (141.0ms)
Completed 200 OK in 187ms (Views: 157.0ms | ActiveRecord: 0.0ms)


Started POST "/users" for 127.0.0.1 at 2013-06-03 22:19:10 +0530
Processing by UsersController#create as HTML
  Parameters: {"utf8"=>"✓", "authenticity_token"=>"kTubZQryUiHFn8n/h+lUmWUvXKRrFV2E/+aJP2gpsps=", "user"=>{"name"=>"rohith", "email"=>"rohith47@gmail.com"}, "commit"=>"Create User"}
  [1m[35m (0.0ms)[0m  begin transaction
  [1m[36mSQL (73.0ms)[0m  [1mINSERT INTO "users" ("created_at", "email", "name", "updated_at") VALUES (?, ?, ?, ?)[0m  [["created_at", Mon, 03 Jun 2013 16:49:10 UTC +00:00], ["email", "rohith47@gmail.com"], ["name", "rohith"], ["updated_at", Mon, 03 Jun 2013 16:49:10 UTC +00:00]]
  [1m[35m (8.0ms)[0m  commit transaction
Redirected to http://localhost:3000/users/1
Completed 302 Found in 88ms (ActiveRecord: 81.0ms)


Started GET "/users/1" for 127.0.0.1 at 2013-06-03 22:19:10 +0530
Processing by UsersController#show as HTML
  Parameters: {"id"=>"1"}
  [1m[36mUser Load (1.0ms)[0m  [1mSELECT "users".* FROM "users" WHERE "users"."id" = ? LIMIT 1[0m  [["id", "1"]]
  Rendered users/show.html.erb within layouts/application (2.0ms)
Completed 200 OK in 20ms (Views: 17.0ms | ActiveRecord: 1.0ms)


Started GET "/assets/users.css?body=1" for 127.0.0.1 at 2013-06-03 22:19:10 +0530
Served asset /users.css - 304 Not Modified (1ms)


Started GET "/assets/users.js?body=1" for 127.0.0.1 at 2013-06-03 22:19:10 +0530
Served asset /users.js - 304 Not Modified (0ms)


Started GET "/assets/scaffolds.css?body=1" for 127.0.0.1 at 2013-06-03 22:19:10 +0530
Served asset /scaffolds.css - 304 Not Modified (0ms)


Started GET "/users" for 127.0.0.1 at 2013-06-03 22:19:13 +0530
Processing by UsersController#index as HTML
  [1m[35mUser Load (0.0ms)[0m  SELECT "users".* FROM "users" 
  Rendered users/index.html.erb within layouts/application (2.0ms)
Completed 200 OK in 23ms (Views: 21.0ms | ActiveRecord: 0.0ms)


Started GET "/assets/users.js?body=1" for 127.0.0.1 at 2013-06-03 22:19:13 +0530
Served asset /users.js - 304 Not Modified (0ms)


Started GET "/assets/scaffolds.css?body=1" for 127.0.0.1 at 2013-06-03 22:19:13 +0530
Served asset /scaffolds.css - 304 Not Modified (0ms)


Started GET "/assets/users.css?body=1" for 127.0.0.1 at 2013-06-03 22:19:13 +0530
Served asset /users.css - 304 Not Modified (1ms)


Started GET "/users/1/edit" for 127.0.0.1 at 2013-06-03 22:19:17 +0530
Processing by UsersController#edit as HTML
  Parameters: {"id"=>"1"}
  [1m[36mUser Load (0.0ms)[0m  [1mSELECT "users".* FROM "users" WHERE "users"."id" = ? LIMIT 1[0m  [["id", "1"]]
  Rendered users/_form.html.erb (5.0ms)
  Rendered users/edit.html.erb within layouts/application (9.0ms)
Completed 200 OK in 48ms (Views: 46.0ms | ActiveRecord: 0.0ms)


Started GET "/assets/scaffolds.css?body=1" for 127.0.0.1 at 2013-06-03 22:19:17 +0530
Served asset /scaffolds.css - 304 Not Modified (0ms)


Started GET "/assets/users.css?body=1" for 127.0.0.1 at 2013-06-03 22:19:17 +0530
Served asset /users.css - 304 Not Modified (0ms)


Started GET "/assets/users.js?body=1" for 127.0.0.1 at 2013-06-03 22:19:17 +0530
Served asset /users.js - 304 Not Modified (0ms)


Started PUT "/users/1" for 127.0.0.1 at 2013-06-03 22:19:21 +0530
Processing by UsersController#update as HTML
  Parameters: {"utf8"=>"✓", "authenticity_token"=>"kTubZQryUiHFn8n/h+lUmWUvXKRrFV2E/+aJP2gpsps=", "user"=>{"name"=>"rohith1", "email"=>"rohith47@gmail.com"}, "commit"=>"Update User", "id"=>"1"}
  [1m[35mUser Load (0.0ms)[0m  SELECT "users".* FROM "users" WHERE "users"."id" = ? LIMIT 1  [["id", "1"]]
  [1m[36m (0.0ms)[0m  [1mbegin transaction[0m
  [1m[35m (1.0ms)[0m  UPDATE "users" SET "name" = 'rohith1', "updated_at" = '2013-06-03 16:49:21.195552' WHERE "users"."id" = 1
  [1m[36m (7.0ms)[0m  [1mcommit transaction[0m
Redirected to http://localhost:3000/users/1
Completed 302 Found in 16ms (ActiveRecord: 8.0ms)


Started GET "/users/1" for 127.0.0.1 at 2013-06-03 22:19:21 +0530
Processing by UsersController#show as HTML
  Parameters: {"id"=>"1"}
  [1m[35mUser Load (1.0ms)[0m  SELECT "users".* FROM "users" WHERE "users"."id" = ? LIMIT 1  [["id", "1"]]
  Rendered users/show.html.erb within layouts/application (1.0ms)
Completed 200 OK in 16ms (Views: 15.0ms | ActiveRecord: 1.0ms)


Started GET "/assets/scaffolds.css?body=1" for 127.0.0.1 at 2013-06-03 22:19:21 +0530
Served asset /scaffolds.css - 304 Not Modified (0ms)


Started GET "/assets/users.js?body=1" for 127.0.0.1 at 2013-06-03 22:19:21 +0530
Served asset /users.js - 304 Not Modified (0ms)


Started GET "/assets/users.css?body=1" for 127.0.0.1 at 2013-06-03 22:19:21 +0530
Served asset /users.css - 304 Not Modified (0ms)


Started GET "/users" for 127.0.0.1 at 2013-06-03 22:19:23 +0530
Processing by UsersController#index as HTML
  [1m[36mUser Load (1.0ms)[0m  [1mSELECT "users".* FROM "users" [0m
  Rendered users/index.html.erb within layouts/application (2.0ms)
Completed 200 OK in 20ms (Views: 19.0ms | ActiveRecord: 1.0ms)


Started GET "/assets/scaffolds.css?body=1" for 127.0.0.1 at 2013-06-03 22:19:23 +0530
Served asset /scaffolds.css - 304 Not Modified (0ms)


Started GET "/assets/users.css?body=1" for 127.0.0.1 at 2013-06-03 22:19:23 +0530
Served asset /users.css - 304 Not Modified (0ms)


Started GET "/assets/users.js?body=1" for 127.0.0.1 at 2013-06-03 22:19:23 +0530
Served asset /users.js - 304 Not Modified (0ms)


Started DELETE "/users/1" for 127.0.0.1 at 2013-06-03 22:19:26 +0530
Processing by UsersController#destroy as HTML
  Parameters: {"authenticity_token"=>"kTubZQryUiHFn8n/h+lUmWUvXKRrFV2E/+aJP2gpsps=", "id"=>"1"}
  [1m[35mUser Load (0.0ms)[0m  SELECT "users".* FROM "users" WHERE "users"."id" = ? LIMIT 1  [["id", "1"]]
  [1m[36m (0.0ms)[0m  [1mbegin transaction[0m
  [1m[35mSQL (1.0ms)[0m  DELETE FROM "users" WHERE "users"."id" = ?  [["id", 1]]
  [1m[36m (30.0ms)[0m  [1mcommit transaction[0m
Redirected to http://localhost:3000/users
Completed 302 Found in 36ms (ActiveRecord: 31.0ms)


Started GET "/users" for 127.0.0.1 at 2013-06-03 22:19:26 +0530
Processing by UsersController#index as HTML
  [1m[35mUser Load (0.0ms)[0m  SELECT "users".* FROM "users" 
  Rendered users/index.html.erb within layouts/application (1.0ms)
Completed 200 OK in 15ms (Views: 13.0ms | ActiveRecord: 0.0ms)


Started GET "/assets/scaffolds.css?body=1" for 127.0.0.1 at 2013-06-03 22:19:26 +0530
Served asset /scaffolds.css - 304 Not Modified (0ms)


Started GET "/assets/users.css?body=1" for 127.0.0.1 at 2013-06-03 22:19:26 +0530
Served asset /users.css - 304 Not Modified (0ms)


Started GET "/assets/users.js?body=1" for 127.0.0.1 at 2013-06-03 22:19:26 +0530
Served asset /users.js - 304 Not Modified (0ms)
Connecting to database specified by database.yml
Connecting to database specified by database.yml


Started GET "/microposts/new" for 127.0.0.1 at 2013-06-03 22:22:53 +0530
Processing by MicropostsController#new as HTML
Completed 500 Internal Server Error in 53ms

ActiveRecord::StatementInvalid (Could not find table 'microposts'):
  app/controllers/microposts_controller.rb:27:in `new'
  app/controllers/microposts_controller.rb:27:in `new'


  Rendered C:/RailsInstaller/Ruby1.9.3/lib/ruby/gems/1.9.1/gems/actionpack-3.2.13/lib/action_dispatch/middleware/templates/rescues/_trace.erb (4.0ms)
  Rendered C:/RailsInstaller/Ruby1.9.3/lib/ruby/gems/1.9.1/gems/actionpack-3.2.13/lib/action_dispatch/middleware/templates/rescues/_request_and_response.erb (1.0ms)
  Rendered C:/RailsInstaller/Ruby1.9.3/lib/ruby/gems/1.9.1/gems/actionpack-3.2.13/lib/action_dispatch/middleware/templates/rescues/diagnostics.erb within rescues/layout (75.0ms)


Started GET "/micropost/new" for 127.0.0.1 at 2013-06-03 22:23:07 +0530

ActionController::RoutingError (No route matches [GET] "/micropost/new"):
  actionpack (3.2.13) lib/action_dispatch/middleware/debug_exceptions.rb:21:in `call'
  actionpack (3.2.13) lib/action_dispatch/middleware/show_exceptions.rb:56:in `call'
  railties (3.2.13) lib/rails/rack/logger.rb:32:in `call_app'
  railties (3.2.13) lib/rails/rack/logger.rb:16:in `block in call'
  activesupport (3.2.13) lib/active_support/tagged_logging.rb:22:in `tagged'
  railties (3.2.13) lib/rails/rack/logger.rb:16:in `call'
  actionpack (3.2.13) lib/action_dispatch/middleware/request_id.rb:22:in `call'
  rack (1.4.5) lib/rack/methodoverride.rb:21:in `call'
  rack (1.4.5) lib/rack/runtime.rb:17:in `call'
  activesupport (3.2.13) lib/active_support/cache/strategy/local_cache.rb:72:in `call'
  rack (1.4.5) lib/rack/lock.rb:15:in `call'
  actionpack (3.2.13) lib/action_dispatch/middleware/static.rb:63:in `call'
  railties (3.2.13) lib/rails/engine.rb:479:in `call'
  railties (3.2.13) lib/rails/application.rb:223:in `call'
  rack (1.4.5) lib/rack/content_length.rb:14:in `call'
  railties (3.2.13) lib/rails/rack/log_tailer.rb:17:in `call'
  rack (1.4.5) lib/rack/handler/webrick.rb:59:in `service'
  C:/RailsInstaller/Ruby1.9.3/lib/ruby/1.9.1/webrick/httpserver.rb:138:in `service'
  C:/RailsInstaller/Ruby1.9.3/lib/ruby/1.9.1/webrick/httpserver.rb:94:in `run'
  C:/RailsInstaller/Ruby1.9.3/lib/ruby/1.9.1/webrick/server.rb:191:in `block in start_thread'


  Rendered C:/RailsInstaller/Ruby1.9.3/lib/ruby/gems/1.9.1/gems/actionpack-3.2.13/lib/action_dispatch/middleware/templates/rescues/routing_error.erb within rescues/layout (1.0ms)


Started GET "/microposts/new" for 127.0.0.1 at 2013-06-03 22:23:15 +0530
Processing by MicropostsController#new as HTML
Completed 500 Internal Server Error in 1ms

ActiveRecord::StatementInvalid (Could not find table 'microposts'):
  app/controllers/microposts_controller.rb:27:in `new'
  app/controllers/microposts_controller.rb:27:in `new'


  Rendered C:/RailsInstaller/Ruby1.9.3/lib/ruby/gems/1.9.1/gems/actionpack-3.2.13/lib/action_dispatch/middleware/templates/rescues/_trace.erb (2.0ms)
  Rendered C:/RailsInstaller/Ruby1.9.3/lib/ruby/gems/1.9.1/gems/actionpack-3.2.13/lib/action_dispatch/middleware/templates/rescues/_request_and_response.erb (2.0ms)
  Rendered C:/RailsInstaller/Ruby1.9.3/lib/ruby/gems/1.9.1/gems/actionpack-3.2.13/lib/action_dispatch/middleware/templates/rescues/diagnostics.erb within rescues/layout (27.0ms)
Connecting to database specified by database.yml
  [1m[36m (0.0ms)[0m  [1mSELECT "schema_migrations"."version" FROM "schema_migrations" [0m
Migrating to CreateUsers (20130603164722)
Migrating to CreateMicroposts (20130603165204)
  [1m[35m (0.0ms)[0m  select sqlite_version(*)
  [1m[36m (0.0ms)[0m  [1mbegin transaction[0m
  [1m[35m (1.0ms)[0m  CREATE TABLE "microposts" ("id" INTEGER PRIMARY KEY AUTOINCREMENT NOT NULL, "content" varchar(255), "user_id" integer, "created_at" datetime NOT NULL, "updated_at" datetime NOT NULL) 
  [1m[36m (0.0ms)[0m  [1mINSERT INTO "schema_migrations" ("version") VALUES ('20130603165204')[0m
  [1m[35m (41.0ms)[0m  commit transaction
  [1m[36m (0.0ms)[0m  [1mSELECT "schema_migrations"."version" FROM "schema_migrations" [0m
Connecting to database specified by database.yml


Started GET "/microposts/new" for 127.0.0.1 at 2013-06-03 22:24:45 +0530
Processing by MicropostsController#new as HTML
  Rendered microposts/_form.html.erb (10.0ms)
  Rendered microposts/new.html.erb within layouts/application (21.0ms)
Compiled microposts.css  (8ms)  (pid 13232)
Compiled application.css  (39ms)  (pid 13232)
Compiled microposts.js  (223ms)  (pid 13232)
Compiled application.js  (268ms)  (pid 13232)
Completed 200 OK in 565ms (Views: 524.0ms | ActiveRecord: 4.0ms)


Started GET "/assets/scaffolds.css?body=1" for 127.0.0.1 at 2013-06-03 22:24:45 +0530
Served asset /scaffolds.css - 304 Not Modified (3ms)


Started GET "/assets/microposts.css?body=1" for 127.0.0.1 at 2013-06-03 22:24:45 +0530
Served asset /microposts.css - 200 OK (21ms)


Started GET "/assets/users.css?body=1" for 127.0.0.1 at 2013-06-03 22:24:45 +0530
Served asset /users.css - 304 Not Modified (1ms)


Started GET "/assets/users.js?body=1" for 127.0.0.1 at 2013-06-03 22:24:45 +0530
Served asset /users.js - 304 Not Modified (3ms)


Started GET "/assets/microposts.js?body=1" for 127.0.0.1 at 2013-06-03 22:24:45 +0530
Served asset /microposts.js - 200 OK (8ms)


Started POST "/microposts" for 127.0.0.1 at 2013-06-03 22:24:56 +0530
Processing by MicropostsController#create as HTML
  Parameters: {"utf8"=>"✓", "authenticity_token"=>"kTubZQryUiHFn8n/h+lUmWUvXKRrFV2E/+aJP2gpsps=", "micropost"=>{"content"=>"Helllo", "user_id"=>"1"}, "commit"=>"Create Micropost"}
  [1m[36m (0.0ms)[0m  [1mbegin transaction[0m
  [1m[35mSQL (11.0ms)[0m  INSERT INTO "microposts" ("content", "created_at", "updated_at", "user_id") VALUES (?, ?, ?, ?)  [["content", "Helllo"], ["created_at", Mon, 03 Jun 2013 16:54:56 UTC +00:00], ["updated_at", Mon, 03 Jun 2013 16:54:56 UTC +00:00], ["user_id", 1]]
  [1m[36m (13.0ms)[0m  [1mcommit transaction[0m
Redirected to http://localhost:3000/microposts/1
Completed 302 Found in 29ms (ActiveRecord: 24.0ms)


Started GET "/microposts/1" for 127.0.0.1 at 2013-06-03 22:24:56 +0530
Processing by MicropostsController#show as HTML
  Parameters: {"id"=>"1"}
  [1m[35mMicropost Load (1.0ms)[0m  SELECT "microposts".* FROM "microposts" WHERE "microposts"."id" = ? LIMIT 1  [["id", "1"]]
  Rendered microposts/show.html.erb within layouts/application (2.0ms)
Completed 200 OK in 17ms (Views: 14.0ms | ActiveRecord: 1.0ms)


Started GET "/assets/scaffolds.css?body=1" for 127.0.0.1 at 2013-06-03 22:24:56 +0530
Served asset /scaffolds.css - 304 Not Modified (0ms)


Started GET "/assets/users.css?body=1" for 127.0.0.1 at 2013-06-03 22:24:56 +0530
Served asset /users.css - 304 Not Modified (0ms)


Started GET "/assets/users.js?body=1" for 127.0.0.1 at 2013-06-03 22:24:56 +0530
Served asset /users.js - 304 Not Modified (0ms)


Started GET "/microposts/1/edit" for 127.0.0.1 at 2013-06-03 22:24:59 +0530
Processing by MicropostsController#edit as HTML
  Parameters: {"id"=>"1"}
  [1m[36mMicropost Load (0.0ms)[0m  [1mSELECT "microposts".* FROM "microposts" WHERE "microposts"."id" = ? LIMIT 1[0m  [["id", "1"]]
  Rendered microposts/_form.html.erb (4.0ms)
  Rendered microposts/edit.html.erb within layouts/application (8.0ms)
Completed 200 OK in 26ms (Views: 24.0ms | ActiveRecord: 0.0ms)


Started GET "/assets/scaffolds.css?body=1" for 127.0.0.1 at 2013-06-03 22:24:59 +0530
Served asset /scaffolds.css - 304 Not Modified (0ms)


Started GET "/assets/users.css?body=1" for 127.0.0.1 at 2013-06-03 22:24:59 +0530
Served asset /users.css - 304 Not Modified (0ms)


Started GET "/assets/users.js?body=1" for 127.0.0.1 at 2013-06-03 22:24:59 +0530
Served asset /users.js - 304 Not Modified (0ms)


Started GET "/microposts" for 127.0.0.1 at 2013-06-03 22:25:01 +0530
Processing by MicropostsController#index as HTML
  [1m[35mMicropost Load (0.0ms)[0m  SELECT "microposts".* FROM "microposts" 
  Rendered microposts/index.html.erb within layouts/application (3.0ms)
Completed 200 OK in 23ms (Views: 20.0ms | ActiveRecord: 0.0ms)


Started GET "/assets/microposts.css?body=1" for 127.0.0.1 at 2013-06-03 22:25:01 +0530
Served asset /microposts.css - 304 Not Modified (0ms)


Started GET "/assets/scaffolds.css?body=1" for 127.0.0.1 at 2013-06-03 22:25:02 +0530
Served asset /scaffolds.css - 304 Not Modified (0ms)


Started GET "/assets/microposts.js?body=1" for 127.0.0.1 at 2013-06-03 22:25:02 +0530
Served asset /microposts.js - 304 Not Modified (0ms)


Started GET "/assets/users.css?body=1" for 127.0.0.1 at 2013-06-03 22:25:02 +0530
Served asset /users.css - 304 Not Modified (0ms)


Started GET "/assets/users.js?body=1" for 127.0.0.1 at 2013-06-03 22:25:02 +0530
Served asset /users.js - 304 Not Modified (0ms)


Started GET "/microposts/NEW" for 127.0.0.1 at 2013-06-04 17:57:43 +0530
Processing by MicropostsController#show as HTML
  Parameters: {"id"=>"NEW"}
  [1m[36mMicropost Load (0.0ms)[0m  [1mSELECT "microposts".* FROM "microposts" WHERE "microposts"."id" = ? LIMIT 1[0m  [["id", "NEW"]]
Completed 404 Not Found in 3ms

ActiveRecord::RecordNotFound (Couldn't find Micropost with id=NEW):
  app/controllers/microposts_controller.rb:16:in `show'


  Rendered C:/RailsInstaller/Ruby1.9.3/lib/ruby/gems/1.9.1/gems/actionpack-3.2.13/lib/action_dispatch/middleware/templates/rescues/_trace.erb (1.0ms)
  Rendered C:/RailsInstaller/Ruby1.9.3/lib/ruby/gems/1.9.1/gems/actionpack-3.2.13/lib/action_dispatch/middleware/templates/rescues/_request_and_response.erb (1.0ms)
  Rendered C:/RailsInstaller/Ruby1.9.3/lib/ruby/gems/1.9.1/gems/actionpack-3.2.13/lib/action_dispatch/middleware/templates/rescues/diagnostics.erb within rescues/layout (29.0ms)


Started GET "/microposts/new" for 127.0.0.1 at 2013-06-04 17:57:49 +0530
Processing by MicropostsController#new as HTML
  Rendered microposts/_form.html.erb (3.0ms)
  Rendered microposts/new.html.erb within layouts/application (22.0ms)
Completed 200 OK in 42ms (Views: 35.0ms | ActiveRecord: 0.0ms)


Started GET "/assets/microposts.css?body=1" for 127.0.0.1 at 2013-06-04 17:57:49 +0530
Served asset /microposts.css - 304 Not Modified (0ms)


Started GET "/assets/jquery.js?body=1" for 127.0.0.1 at 2013-06-04 17:57:49 +0530
Served asset /jquery.js - 304 Not Modified (20ms)


Started GET "/assets/scaffolds.css?body=1" for 127.0.0.1 at 2013-06-04 17:57:49 +0530
Served asset /scaffolds.css - 304 Not Modified (0ms)


Started GET "/assets/users.css?body=1" for 127.0.0.1 at 2013-06-04 17:57:49 +0530
Served asset /users.css - 304 Not Modified (0ms)


Started GET "/assets/application.css?body=1" for 127.0.0.1 at 2013-06-04 17:57:49 +0530
Served asset /application.css - 304 Not Modified (6ms)


Started GET "/assets/jquery_ujs.js?body=1" for 127.0.0.1 at 2013-06-04 17:57:50 +0530
Served asset /jquery_ujs.js - 304 Not Modified (3ms)


Started GET "/assets/microposts.js?body=1" for 127.0.0.1 at 2013-06-04 17:57:50 +0530
Served asset /microposts.js - 304 Not Modified (0ms)


Started GET "/assets/users.js?body=1" for 127.0.0.1 at 2013-06-04 17:57:50 +0530
Served asset /users.js - 304 Not Modified (0ms)


Started GET "/assets/application.js?body=1" for 127.0.0.1 at 2013-06-04 17:57:50 +0530
Served asset /application.js - 304 Not Modified (30ms)


Started POST "/microposts" for 127.0.0.1 at 2013-06-04 17:58:39 +0530
Processing by MicropostsController#create as HTML
  Parameters: {"utf8"=>"✓", "authenticity_token"=>"kTubZQryUiHFn8n/h+lUmWUvXKRrFV2E/+aJP2gpsps=", "micropost"=>{"content"=>"Rohith Rohith Rohith Rohith Rohith Rohith Rohith Rohith Rohith Rohith Rohith Rohith Rohith Rohith Rohith Rohith Rohith Rohith Rohith Rohith Rohith Rohith ", "user_id"=>"2"}, "commit"=>"Create Micropost"}
  [1m[35m (0.0ms)[0m  begin transaction
  [1m[36m (0.0ms)[0m  [1mrollback transaction[0m
  Rendered microposts/_form.html.erb (3.0ms)
  Rendered microposts/new.html.erb within layouts/application (5.0ms)
Completed 200 OK in 22ms (Views: 18.0ms | ActiveRecord: 0.0ms)


Started GET "/assets/application.css?body=1" for 127.0.0.1 at 2013-06-04 17:58:39 +0530
Served asset /application.css - 304 Not Modified (1ms)


Started GET "/assets/microposts.css?body=1" for 127.0.0.1 at 2013-06-04 17:58:39 +0530
Served asset /microposts.css - 304 Not Modified (0ms)


Started GET "/assets/jquery.js?body=1" for 127.0.0.1 at 2013-06-04 17:58:40 +0530
Served asset /jquery.js - 304 Not Modified (0ms)


Started GET "/assets/jquery_ujs.js?body=1" for 127.0.0.1 at 2013-06-04 17:58:40 +0530
Served asset /jquery_ujs.js - 304 Not Modified (0ms)


Started GET "/assets/scaffolds.css?body=1" for 127.0.0.1 at 2013-06-04 17:58:40 +0530
Served asset /scaffolds.css - 304 Not Modified (0ms)


Started GET "/assets/users.css?body=1" for 127.0.0.1 at 2013-06-04 17:58:40 +0530
Served asset /users.css - 304 Not Modified (0ms)


Started GET "/assets/microposts.js?body=1" for 127.0.0.1 at 2013-06-04 17:58:40 +0530
Served asset /microposts.js - 304 Not Modified (0ms)


Started GET "/assets/users.js?body=1" for 127.0.0.1 at 2013-06-04 17:58:40 +0530
Served asset /users.js - 304 Not Modified (0ms)


Started GET "/assets/application.js?body=1" for 127.0.0.1 at 2013-06-04 17:58:40 +0530
Served asset /application.js - 304 Not Modified (0ms)
